<?xml version="1.0" encoding="UTF-8"?>
<!-- Generated by org.testng.reporters.JUnitXMLReporter -->
<testsuite hostname="Admin-PC" name="ThirdPartyManageContactsViaSubListFunctionality" tests="22" failures="0" timestamp="7 May 2016 19:54:17 GMT" time="1097.967" errors="0">
  <testcase name="Kodiak_CAT_LaunchingUsingFANId" time="107.951" classname="com.kodiak.qa.testsuites.ThirdPartyManageContactsViaSubListFunctionality"/>
  <testcase name="thirdParty_SelectedSubscriberConatctInWorkArea" time="68.927" classname="com.kodiak.qa.testsuites.ThirdPartyManageContactsViaSubListFunctionality"/>
  <testcase name="thirdParty_ValidatingSubListAddition" time="111.041" classname="com.kodiak.qa.testsuites.ThirdPartyManageContactsViaSubListFunctionality"/>
  <testcase name="thirdParty_VerifySubListInPopupWIndow" time="71.494" classname="com.kodiak.qa.testsuites.ThirdPartyManageContactsViaSubListFunctionality"/>
  <testcase name="thirdParty_VerifyingPickSubListCheckBoxSelected" time="49.416" classname="com.kodiak.qa.testsuites.ThirdPartyManageContactsViaSubListFunctionality"/>
  <testcase name="thirdParty_VerifyingSubListAndContactCountAfterSubListAdded" time="46.985" classname="com.kodiak.qa.testsuites.ThirdPartyManageContactsViaSubListFunctionality"/>
  <testcase name="thirdParty_VerifyingPickSubListSearchBoxAfterAllSubListAdded" time="22.353" classname="com.kodiak.qa.testsuites.ThirdPartyManageContactsViaSubListFunctionality"/>
  <testcase name="thirdParty_VerifyingPickSubListDoneButtonAfterAllSubListAdded" time="16.069" classname="com.kodiak.qa.testsuites.ThirdPartyManageContactsViaSubListFunctionality"/>
  <testcase name="thirdParty_VerifyingPickSubListCancelButtonAfterAllSubListAdded" time="31.563" classname="com.kodiak.qa.testsuites.ThirdPartyManageContactsViaSubListFunctionality"/>
  <testcase name="thirdParty_VerifyingPickSubListCloseImageAfterAllSubListAdded" time="36.883" classname="com.kodiak.qa.testsuites.ThirdPartyManageContactsViaSubListFunctionality"/>
  <testcase name="thirdParty_VerifyingSubListstheSubscriberIsMemberofFilterResult" time="33.705" classname="com.kodiak.qa.testsuites.ThirdPartyManageContactsViaSubListFunctionality"/>
  <testcase name="thirdParty_VerifyingSubListstheSubscriberIsNotMemberofFilterResult" time="23.44" classname="com.kodiak.qa.testsuites.ThirdPartyManageContactsViaSubListFunctionality"/>
  <testcase name="thirdParty_VerifyingStateOfSubListRemovalIconAfterChangingTheFilter" time="45.39" classname="com.kodiak.qa.testsuites.ThirdPartyManageContactsViaSubListFunctionality"/>
  <testcase name="thirdParty_VerifyingStateOfSubListRemovalIconAfterClickOnManageIndividualContacts" time="50.546" classname="com.kodiak.qa.testsuites.ThirdPartyManageContactsViaSubListFunctionality"/>
  <testcase name="thirdParty_VerifyStateOfSubListRemovalIconAfterClickOnViewGroupsTab" time="52.933" classname="com.kodiak.qa.testsuites.ThirdPartyManageContactsViaSubListFunctionality"/>
  <testcase name="thirdParty_VerifyTotalContactsFor3rdPartyApplFilterUnderViewAllContacts" time="30.642" classname="com.kodiak.qa.testsuites.ThirdPartyManageContactsViaSubListFunctionality"/>
  <testcase name="thirdParty_VerifyingTotalContactsCountAfterRemovingSubList" time="39.02" classname="com.kodiak.qa.testsuites.ThirdPartyManageContactsViaSubListFunctionality"/>
  <testcase name="thirdParty_VerifyingTotalContactsCountAfterAddingSubList" time="45.933" classname="com.kodiak.qa.testsuites.ThirdPartyManageContactsViaSubListFunctionality"/>
  <testcase name="thirdParty_verifyingRemoveUndoButtonNotAvailableForSubListstheSubscriberIsMemberOf" time="73.199" classname="com.kodiak.qa.testsuites.ThirdPartyManageContactsViaSubListFunctionality"/>
  <testcase name="thirdParty_verifyingSubListstheSubscriberIsMemberOfSubListToolTip" time="12.057" classname="com.kodiak.qa.testsuites.ThirdPartyManageContactsViaSubListFunctionality"/>
  <testcase name="thirdParty_ValidatingSubListDeletion" time="107.523" classname="com.kodiak.qa.testsuites.ThirdPartyManageContactsViaSubListFunctionality"/>
  <testcase name="validatingCloseBrowser" time="2.326" classname="com.kodiak.qa.testsuites.ThirdPartyManageContactsViaSubListFunctionality"/>
</testsuite> <!-- ThirdPartyManageContactsViaSubListFunctionality -->
